 2014-07-02 09:51:45,217
                                            INFO:
                                            errors '
                                            '[in /home/wantsomechocolate/Code/Tutorials/RealPython/RealPythonPart2/projects/flask-taskr/app/app/__init__.py:
                                            27]
 2014-07-02 09:52:08,488
                                            INFO:
                                            errors '
                                            '[in /home/wantsomechocolate/Code/Tutorials/RealPython/RealPythonPart2/projects/flask-taskr/app/app/__init__.py:
                                            27]
 2014-07-02 12:43:44,762
                                            INFO:
                                            errors '
                                            '[in /home/wantsomechocolate/Code/Tutorials/RealPython/RealPythonPart2/projects/flask-taskr/app/app/__init__.py:
                                            27]
 2014-07-02 12:45:53,207
                                            INFO:
                                            errors '
                                            '[in /home/wantsomechocolate/Code/Tutorials/RealPython/RealPythonPart2/projects/flask-taskr/app/app/__init__.py:
                                            27]
 2014-07-02 12:47:03,547
                                            INFO:
                                            errors '
                                            '[in /home/wantsomechocolate/Code/Tutorials/RealPython/RealPythonPart2/projects/flask-taskr/app/app/__init__.py:
                                            27]
 2014-07-02 12:47:26,300
                                            INFO:
                                            errors '
                                            '[in /home/wantsomechocolate/Code/Tutorials/RealPython/RealPythonPart2/projects/flask-taskr/app/app/__init__.py:
                                            27]
 2014-07-02 12:47:39,827
                                            INFO:
                                            errors '
                                            '[in /home/wantsomechocolate/Code/Tutorials/RealPython/RealPythonPart2/projects/flask-taskr/app/app/__init__.py:
                                            27]
 2014-07-02 12:48:55,406
                                            INFO:
                                            errors '
                                            '[in /home/wantsomechocolate/Code/Tutorials/RealPython/RealPythonPart2/projects/flask-taskr/app/app/__init__.py:
                                            27]
 2014-07-02 12:49:44,783
                                            INFO:
                                            errors '
                                            '[in /home/wantsomechocolate/Code/Tutorials/RealPython/RealPythonPart2/projects/flask-taskr/app/app/__init__.py:
                                            27]
 2014-07-02 12:50:16,319
                                            INFO:
                                            errors '
                                            '[in /home/wantsomechocolate/Code/Tutorials/RealPython/RealPythonPart2/projects/flask-taskr/app/app/__init__.py:
                                            27]
 2014-07-02 12:50:45,969
                                            INFO:
                                            errors '
                                            '[in /home/wantsomechocolate/Code/Tutorials/RealPython/RealPythonPart2/projects/flask-taskr/app/app/__init__.py:
                                            27]
 2014-07-02 12:50:46,579
                                            INFO:
                                            errors '
                                            '[in /home/wantsomechocolate/Code/Tutorials/RealPython/RealPythonPart2/projects/flask-taskr/app/app/__init__.py:
                                            27]
 2014-07-02 12:56:30,263
                                            INFO:
                                            errors '
                                            '[in /home/wantsomechocolate/Code/Tutorials/RealPython/RealPythonPart2/projects/flask-taskr/app/app/__init__.py:
                                            27]
 2014-07-02 13:00:56,023
                                            INFO:
                                            errors '
                                            '[in /home/wantsomechocolate/Code/Tutorials/RealPython/RealPythonPart2/projects/flask-taskr/app/app/__init__.py:
                                            27]
 2014-07-02 13:08:22,476
                                            INFO:
                                            errors '
                                            '[in /home/wantsomechocolate/Code/Tutorials/RealPython/RealPythonPart2/projects/flask-taskr/app/app/__init__.py:
                                            27]
 2014-07-02 13:08:34,416
                                            INFO:
                                            errors '
                                            '[in /home/wantsomechocolate/Code/Tutorials/RealPython/RealPythonPart2/projects/flask-taskr/app/app/__init__.py:
                                            27]
 2014-07-02 19:05:54,935
                                            INFO:
                                            errors '
                                            '[in /home/wantsomechocolate/Code/Tutorials/RealPython/RealPythonPart2/projects/flask-taskr/app/app/__init__.py:
                                            27]
 2014-07-02 19:10:38,835
                                            INFO:
                                            errors '
                                            '[in /home/wantsomechocolate/Code/Tutorials/RealPython/RealPythonPart2/projects/flask-taskr/app/app/__init__.py:
                                            27]
 2014-07-02 19:26:03,894
                                            INFO:
                                            errors '
                                            '[in /home/wantsomechocolate/Code/Tutorials/RealPython/RealPythonPart2/projects/flask-taskr/app/app/__init__.py:
                                            27]
 2014-07-02 19:28:53,347
                                            INFO:
                                            errors '
                                            '[in /home/wantsomechocolate/Code/Tutorials/RealPython/RealPythonPart2/projects/flask-taskr/app/app/__init__.py:
                                            27]
 2014-07-02 19:28:53,909
                                            INFO:
                                            errors '
                                            '[in /home/wantsomechocolate/Code/Tutorials/RealPython/RealPythonPart2/projects/flask-taskr/app/app/__init__.py:
                                            27]
 2014-07-02 19:33:56,095
                                            INFO:
                                            errors '
                                            '[in /home/wantsomechocolate/Code/Tutorials/RealPython/RealPythonPart2/projects/flask-taskr/app/app/__init__.py:
                                            27]
 2014-07-02 19:53:33,607
                                            INFO:
                                            errors '
                                            '[in /home/wantsomechocolate/Code/Tutorials/RealPython/RealPythonPart2/projects/flask-taskr/app/app/__init__.py:
                                            27]
 2014-07-02 19:54:00,609
                                            INFO:
                                            errors '
                                            '[in /home/wantsomechocolate/Code/Tutorials/RealPython/RealPythonPart2/projects/flask-taskr/app/app/__init__.py:
                                            27]
 2014-07-02 19:58:19,618
                                            INFO:
                                            errors '
                                            '[in /home/wantsomechocolate/Code/Tutorials/RealPython/RealPythonPart2/projects/flask-taskr/app/app/__init__.py:
                                            27]
 2014-07-02 19:58:52,175
                                            INFO:
                                            errors '
                                            '[in /home/wantsomechocolate/Code/Tutorials/RealPython/RealPythonPart2/projects/flask-taskr/app/app/__init__.py:
                                            27]
 2014-07-02 19:59:05,521
                                            INFO:
                                            errors '
                                            '[in /home/wantsomechocolate/Code/Tutorials/RealPython/RealPythonPart2/projects/flask-taskr/app/app/__init__.py:
                                            27]
 2014-07-02 20:00:52,004
                                            INFO:
                                            errors '
                                            '[in /home/wantsomechocolate/Code/Tutorials/RealPython/RealPythonPart2/projects/flask-taskr/app/app/__init__.py:
                                            27]
 2014-07-02 20:01:02,546
                                            INFO:
                                            errors '
                                            '[in /home/wantsomechocolate/Code/Tutorials/RealPython/RealPythonPart2/projects/flask-taskr/app/app/__init__.py:
                                            27]
 2014-07-02 20:01:16,687
                                            INFO:
                                            errors '
                                            '[in /home/wantsomechocolate/Code/Tutorials/RealPython/RealPythonPart2/projects/flask-taskr/app/app/__init__.py:
                                            27]
 2014-07-02 22:43:39,988
                                            INFO:
                                            errors '
                                            '[in /home/wantsomechocolate/Code/Tutorials/RealPython/RealPythonPart2/projects/flask-taskr/app/app/__init__.py:
                                            27]
 2014-07-02 22:43:40,814
                                            INFO:
                                            errors '
                                            '[in /home/wantsomechocolate/Code/Tutorials/RealPython/RealPythonPart2/projects/flask-taskr/app/app/__init__.py:
                                            27]
 2014-07-02 22:57:15,386
                                            INFO:
                                            errors '
                                            '[in /home/wantsomechocolate/Code/Tutorials/RealPython/RealPythonPart2/projects/flask-taskr/app/app/__init__.py:
                                            27]
 2014-07-03 00:23:58,378
                                            INFO:
                                            errors '
                                            '[in /home/wantsomechocolate/Code/Tutorials/RealPython/RealPythonPart2/projects/flask-taskr/app/__init__.py:
                                            27]
 2014-07-03 00:23:58,798
                                            INFO:
                                            errors '
                                            '[in /home/wantsomechocolate/Code/Tutorials/RealPython/RealPythonPart2/projects/flask-taskr/app/__init__.py:
                                            27]
 2014-07-03 00:26:11,240
                                            INFO:
                                            errors '
                                            '[in /home/wantsomechocolate/Code/Tutorials/RealPython/RealPythonPart2/projects/flask-taskr/app/__init__.py:
                                            27]
 2014-07-03 00:56:10,065
                                            INFO:
                                            errors '
                                            '[in /home/wantsomechocolate/Code/flask-taskr/app/__init__.py:
                                            27]
 2014-07-03 00:56:45,218
                                            INFO:
                                            errors '
                                            '[in /home/wantsomechocolate/Code/flask-taskr/app/__init__.py:
                                            27]
